{"C:\\Users\\Srinath\\GameApp\\app\\controllers\\index.js":{"path":"C:\\Users\\Srinath\\GameApp\\app\\controllers\\index.js","s":{"1":1},"b":{},"f":{},"fnMap":{},"statementMap":{"1":{"start":{"line":1,"column":0},"end":{"line":4,"column":2}}},"branchMap":{}},"C:\\Users\\Srinath\\GameApp\\app\\controllers\\arithmetic-controller.js":{"path":"C:\\Users\\Srinath\\GameApp\\app\\controllers\\arithmetic-controller.js","s":{"1":1,"2":8,"3":8,"4":8,"5":8,"6":8,"7":2,"8":6,"9":2,"10":4,"11":2,"12":2,"13":2,"14":8,"15":4,"16":4,"17":1},"b":{"1":[2,6],"2":[2,4],"3":[2,2],"4":[2,0],"5":[4,4]},"f":{"1":8},"fnMap":{"1":{"name":"arithmeticController","line":2,"loc":{"start":{"line":2,"column":0},"end":{"line":2,"column":39}}}},"statementMap":{"1":{"start":{"line":2,"column":0},"end":{"line":26,"column":1}},"2":{"start":{"line":3,"column":4},"end":{"line":3,"column":37}},"3":{"start":{"line":4,"column":4},"end":{"line":4,"column":37}},"4":{"start":{"line":5,"column":4},"end":{"line":5,"column":39}},"5":{"start":{"line":6,"column":4},"end":{"line":6,"column":33}},"6":{"start":{"line":8,"column":4},"end":{"line":19,"column":5}},"7":{"start":{"line":9,"column":8},"end":{"line":9,"column":41}},"8":{"start":{"line":11,"column":9},"end":{"line":19,"column":5}},"9":{"start":{"line":12,"column":8},"end":{"line":12,"column":41}},"10":{"start":{"line":14,"column":9},"end":{"line":19,"column":5}},"11":{"start":{"line":15,"column":8},"end":{"line":15,"column":41}},"12":{"start":{"line":17,"column":9},"end":{"line":19,"column":5}},"13":{"start":{"line":18,"column":8},"end":{"line":18,"column":41}},"14":{"start":{"line":20,"column":4},"end":{"line":25,"column":5}},"15":{"start":{"line":21,"column":8},"end":{"line":21,"column":23}},"16":{"start":{"line":24,"column":8},"end":{"line":24,"column":24}},"17":{"start":{"line":28,"column":0},"end":{"line":28,"column":38}}},"branchMap":{"1":{"line":8,"type":"if","locations":[{"start":{"line":8,"column":4},"end":{"line":8,"column":4}},{"start":{"line":8,"column":4},"end":{"line":8,"column":4}}]},"2":{"line":11,"type":"if","locations":[{"start":{"line":11,"column":9},"end":{"line":11,"column":9}},{"start":{"line":11,"column":9},"end":{"line":11,"column":9}}]},"3":{"line":14,"type":"if","locations":[{"start":{"line":14,"column":9},"end":{"line":14,"column":9}},{"start":{"line":14,"column":9},"end":{"line":14,"column":9}}]},"4":{"line":17,"type":"if","locations":[{"start":{"line":17,"column":9},"end":{"line":17,"column":9}},{"start":{"line":17,"column":9},"end":{"line":17,"column":9}}]},"5":{"line":20,"type":"if","locations":[{"start":{"line":20,"column":4},"end":{"line":20,"column":4}},{"start":{"line":20,"column":4},"end":{"line":20,"column":4}}]}}},"C:\\Users\\Srinath\\GameApp\\app\\controllers\\handcricket-controller.js":{"path":"C:\\Users\\Srinath\\GameApp\\app\\controllers\\handcricket-controller.js","s":{"1":1,"2":1},"b":{},"f":{"1":0},"fnMap":{"1":{"name":"handCricketController","line":1,"loc":{"start":{"line":1,"column":0},"end":{"line":1,"column":40}}}},"statementMap":{"1":{"start":{"line":1,"column":0},"end":{"line":3,"column":1}},"2":{"start":{"line":5,"column":0},"end":{"line":5,"column":39}}},"branchMap":{}}}