TN:
SF:C:\Users\Srinath\GameApp\app\controllers\index.js
FNF:0
FNH:0
DA:1,1
LF:1
LH:1
BRF:0
BRH:0
end_of_record
TN:
SF:C:\Users\Srinath\GameApp\app\controllers\arithmetic-controller.js
FN:2,arithmeticController
FNF:1
FNH:1
FNDA:8,arithmeticController
DA:2,1
DA:3,8
DA:4,8
DA:5,8
DA:6,8
DA:8,8
DA:9,2
DA:11,6
DA:12,2
DA:14,4
DA:15,2
DA:17,2
DA:18,2
DA:20,8
DA:21,4
DA:24,4
DA:28,1
LF:17
LH:17
BRDA:8,1,0,2
BRDA:8,1,1,6
BRDA:11,2,0,2
BRDA:11,2,1,4
BRDA:14,3,0,2
BRDA:14,3,1,2
BRDA:17,4,0,2
BRDA:17,4,1,0
BRDA:20,5,0,4
BRDA:20,5,1,4
BRF:10
BRH:9
end_of_record
TN:
SF:C:\Users\Srinath\GameApp\app\controllers\handcricket-controller.js
FN:1,handCricketController
FNF:1
FNH:0
FNDA:0,handCricketController
DA:1,1
DA:5,1
LF:2
LH:2
BRF:0
BRH:0
end_of_record
