TN:
SF:C:\Users\pc\Documents\gameapp-master\app\controllers\index.js
FNF:0
FNH:0
DA:1,1
LF:1
LH:1
BRF:0
BRH:0
end_of_record
TN:
SF:C:\Users\pc\Documents\gameapp-master\app\controllers\arithmetic-controller.js
FN:2,arithmeticController
FNF:1
FNH:1
FNDA:2,arithmeticController
DA:2,1
DA:3,2
DA:4,2
DA:5,2
DA:6,2
DA:8,2
DA:9,2
DA:11,0
DA:12,0
DA:14,0
DA:15,0
DA:17,0
DA:18,0
DA:20,2
DA:21,1
DA:24,1
DA:28,1
LF:17
LH:11
BRDA:8,1,0,2
BRDA:8,1,1,0
BRDA:11,2,0,0
BRDA:11,2,1,0
BRDA:14,3,0,0
BRDA:14,3,1,0
BRDA:17,4,0,0
BRDA:17,4,1,0
BRDA:20,5,0,1
BRDA:20,5,1,1
BRF:10
BRH:3
end_of_record
TN:
SF:C:\Users\pc\Documents\gameapp-master\app\controllers\handcricket-controller.js
FN:1,handCricketController
FNF:1
FNH:0
FNDA:0,handCricketController
DA:1,1
DA:5,1
LF:2
LH:2
BRF:0
BRH:0
end_of_record
